2024-10-17 17:46:02.316 WARNING (SyncWorker_0) [homeassistant.loader] We found a custom integration flashbird which has not been tested by Home Assistant. This component might cause stability problems, be sure to disable it if you experience issues with Home Assistant
2024-10-17 17:46:03.921 INFO (MainThread) [homeassistant.setup] Setting up system_log
2024-10-17 17:46:03.958 INFO (MainThread) [homeassistant.setup] Setup of domain logger took 0.04 seconds
2024-10-17 17:46:03.958 INFO (MainThread) [homeassistant.setup] Setup of domain system_log took 0.04 seconds
2024-10-17 17:46:03.958 INFO (MainThread) [homeassistant.bootstrap] Setting up frontend: {'frontend'}
2024-10-17 17:46:03.958 INFO (MainThread) [homeassistant.setup] Setting up http
2024-10-17 17:46:03.959 INFO (MainThread) [homeassistant.setup] Setting up device_automation
2024-10-17 17:46:03.959 INFO (MainThread) [homeassistant.setup] Setup of domain device_automation took 0.00 seconds
2024-10-17 17:46:03.960 WARNING (MainThread) [aiohttp_fast_zlib] zlib_ng and isal are not available, falling back to zlib, performance will be degraded.
2024-10-17 17:46:03.961 INFO (MainThread) [homeassistant.setup] Setup of domain http took 0.00 seconds
2024-10-17 17:46:03.961 INFO (MainThread) [homeassistant.setup] Setting up auth
2024-10-17 17:46:03.962 INFO (MainThread) [homeassistant.setup] Setup of domain auth took 0.00 seconds
2024-10-17 17:46:03.962 INFO (MainThread) [homeassistant.setup] Setting up config
2024-10-17 17:46:03.964 INFO (MainThread) [homeassistant.setup] Setup of domain config took 0.00 seconds
2024-10-17 17:46:03.964 INFO (MainThread) [homeassistant.setup] Setting up diagnostics
2024-10-17 17:46:03.964 INFO (MainThread) [homeassistant.setup] Setup of domain diagnostics took 0.00 seconds
2024-10-17 17:46:03.964 INFO (MainThread) [homeassistant.setup] Setting up file_upload
2024-10-17 17:46:03.964 INFO (MainThread) [homeassistant.setup] Setup of domain file_upload took 0.00 seconds
2024-10-17 17:46:03.965 INFO (MainThread) [homeassistant.setup] Setting up image_upload
2024-10-17 17:46:03.966 INFO (MainThread) [homeassistant.setup] Setup of domain image_upload took 0.00 seconds
2024-10-17 17:46:03.966 INFO (MainThread) [homeassistant.setup] Setting up repairs
2024-10-17 17:46:03.966 INFO (MainThread) [homeassistant.setup] Setup of domain repairs took 0.00 seconds
2024-10-17 17:46:03.966 INFO (MainThread) [homeassistant.setup] Setting up websocket_api
2024-10-17 17:46:03.966 INFO (MainThread) [homeassistant.setup] Setup of domain websocket_api took 0.00 seconds
2024-10-17 17:46:03.966 INFO (MainThread) [homeassistant.setup] Setting up api
2024-10-17 17:46:03.968 INFO (MainThread) [homeassistant.setup] Setup of domain api took 0.00 seconds
2024-10-17 17:46:03.968 INFO (MainThread) [homeassistant.setup] Setting up person
2024-10-17 17:46:03.968 INFO (MainThread) [homeassistant.setup] Setting up search
2024-10-17 17:46:03.968 INFO (MainThread) [homeassistant.setup] Setup of domain search took 0.00 seconds
2024-10-17 17:46:03.969 INFO (MainThread) [homeassistant.setup] Setup of domain person took 0.00 seconds
2024-10-17 17:46:03.969 INFO (MainThread) [homeassistant.setup] Setting up onboarding
2024-10-17 17:46:03.969 INFO (MainThread) [homeassistant.setup] Setup of domain onboarding took 0.00 seconds
2024-10-17 17:46:03.970 INFO (MainThread) [homeassistant.setup] Setting up lovelace
2024-10-17 17:46:03.970 INFO (MainThread) [homeassistant.setup] Setup of domain lovelace took 0.00 seconds
2024-10-17 17:46:03.971 INFO (SyncWorker_0) [homeassistant.util.package] Attempting install of home-assistant-frontend==20241002.3
2024-10-17 17:46:05.406 INFO (MainThread) [homeassistant.setup] Setting up frontend
2024-10-17 17:46:05.408 INFO (MainThread) [homeassistant.setup] Setup of domain frontend took 0.00 seconds
2024-10-17 17:46:05.409 INFO (MainThread) [homeassistant.bootstrap] Setting up recorder: {'recorder'}
2024-10-17 17:46:05.409 INFO (MainThread) [homeassistant.setup] Setting up recorder
2024-10-17 17:46:05.410 INFO (MainThread) [homeassistant.components.http] Now listening on port 8123
2024-10-17 17:46:05.411 INFO (MainThread) [homeassistant.setup] Setup of domain http took 0.00 seconds
2024-10-17 17:46:05.411 WARNING (Recorder) [homeassistant.components.recorder.util] The system could not validate that the sqlite3 database at //workspaces/python/config/home-assistant_v2.db was shutdown cleanly
2024-10-17 17:46:05.453 WARNING (Recorder) [homeassistant.components.recorder.util] Ended unfinished session (id=8 from 2024-10-17 16:32:15.995228)
2024-10-17 17:46:05.469 INFO (MainThread) [homeassistant.setup] Setup of domain recorder took 0.06 seconds
2024-10-17 17:46:05.469 INFO (MainThread) [homeassistant.bootstrap] Setting up stage 1: {'auth', 'http', 'webhook', 'network', 'dhcp', 'ssdp', 'zeroconf', 'usb', 'repairs', 'bluetooth', 'cloud', 'api', 'websocket_api'}
2024-10-17 17:46:05.470 INFO (MainThread) [homeassistant.setup] Setting up webhook
2024-10-17 17:46:05.470 INFO (MainThread) [homeassistant.setup] Setup of domain webhook took 0.00 seconds
2024-10-17 17:46:05.471 INFO (MainThread) [homeassistant.setup] Setting up network
2024-10-17 17:46:05.473 INFO (MainThread) [homeassistant.setup] Setup of domain network took 0.00 seconds
2024-10-17 17:46:05.474 INFO (SyncWorker_2) [homeassistant.util.package] Attempting install of PyTurboJPEG==1.7.5
2024-10-17 17:46:06.502 INFO (SyncWorker_3) [homeassistant.util.package] Attempting install of zeroconf==0.135.0
2024-10-17 17:46:07.114 INFO (SyncWorker_0) [homeassistant.util.package] Attempting install of async-upnp-client==0.40.0
2024-10-17 17:46:07.144 INFO (MainThread) [homeassistant.setup] Setting up zeroconf
2024-10-17 17:46:07.145 INFO (MainThread) [homeassistant.components.zeroconf] Starting Zeroconf broadcast
2024-10-17 17:46:07.145 INFO (MainThread) [homeassistant.setup] Setup of domain zeroconf took 0.00 seconds
2024-10-17 17:46:08.404 INFO (SyncWorker_3) [homeassistant.util.package] Attempting install of pyudev==0.24.1
2024-10-17 17:46:08.478 INFO (MainThread) [homeassistant.setup] Setting up ssdp
2024-10-17 17:46:08.479 INFO (MainThread) [homeassistant.setup] Setup of domain ssdp took 0.00 seconds
2024-10-17 17:46:08.623 INFO (SyncWorker_3) [homeassistant.util.package] Attempting install of pyserial==3.5
2024-10-17 17:46:08.904 INFO (SyncWorker_4) [homeassistant.util.package] Attempting install of aiodhcpwatcher==1.0.2
2024-10-17 17:46:08.953 INFO (MainThread) [homeassistant.setup] Setting up usb
2024-10-17 17:46:08.953 INFO (MainThread) [homeassistant.setup] Setup of domain usb took 0.00 seconds
2024-10-17 17:46:09.396 INFO (SyncWorker_4) [homeassistant.util.package] Attempting install of aiodiscover==2.1.0
2024-10-17 17:46:14.502 INFO (SyncWorker_3) [homeassistant.util.package] Attempting install of python-matter-server==6.5.2
2024-10-17 17:46:14.565 INFO (MainThread) [homeassistant.setup] Setting up dhcp
2024-10-17 17:46:14.566 INFO (MainThread) [homeassistant.setup] Setup of domain dhcp took 0.00 seconds
2024-10-17 17:46:15.146 INFO (SyncWorker_5) [homeassistant.util.package] Attempting install of bleak==0.22.2
2024-10-17 17:46:15.785 INFO (SyncWorker_5) [homeassistant.util.package] Attempting install of bleak-retry-connector==3.5.0
2024-10-17 17:46:16.198 INFO (SyncWorker_5) [homeassistant.util.package] Attempting install of habluetooth==3.4.0
2024-10-17 17:46:17.954 INFO (SyncWorker_2) [homeassistant.util.package] Attempting install of pymicro-vad==1.0.1
2024-10-17 17:46:18.033 INFO (MainThread) [homeassistant.setup] Setting up bluetooth
2024-10-17 17:46:18.052 INFO (MainThread) [homeassistant.setup] Setup of domain bluetooth took 0.02 seconds
2024-10-17 17:46:18.291 INFO (SyncWorker_2) [homeassistant.util.package] Attempting install of pyspeex-noise==1.0.2
2024-10-17 17:46:26.049 INFO (SyncWorker_4) [homeassistant.util.package] Attempting install of hassil==1.7.4
2024-10-17 17:46:26.569 INFO (SyncWorker_4) [homeassistant.util.package] Attempting install of home-assistant-intents==2024.10.2
2024-10-17 17:46:26.932 INFO (SyncWorker_0) [homeassistant.util.package] Attempting install of mutagen==1.47.0
2024-10-17 17:46:27.178 INFO (SyncWorker_3) [homeassistant.util.package] Attempting install of ha-ffmpeg==3.2.0
2024-10-17 17:46:27.840 ERROR (ImportExecutor_0) [homeassistant.components.camera.img_util] Error loading libturbojpeg; Camera snapshot performance will be sub-optimal
Traceback (most recent call last):
  File "/home/vscode/.local/lib/python3.12/site-packages/homeassistant/components/camera/img_util.py", line 100, in __init__
    TurboJPEGSingleton.__instance = TurboJPEG()
                                    ^^^^^^^^^^^
  File "/home/vscode/.local/lib/python3.12/site-packages/turbojpeg.py", line 300, in __init__
    self.__find_turbojpeg() if lib_path is None else lib_path)
    ^^^^^^^^^^^^^^^^^^^^^^^
  File "/home/vscode/.local/lib/python3.12/site-packages/turbojpeg.py", line 967, in __find_turbojpeg
    raise RuntimeError(
RuntimeError: Unable to locate turbojpeg library automatically. You may specify the turbojpeg library path manually.
e.g. jpeg = TurboJPEG(lib_path)
2024-10-17 17:46:28.025 INFO (MainThread) [homeassistant.setup] Setting up cloud
2024-10-17 17:46:28.026 INFO (MainThread) [homeassistant.setup] Setting up ffmpeg
2024-10-17 17:46:28.027 ERROR (MainThread) [haffmpeg.core] FFmpeg fails [Errno 2] No such file or directory: 'ffmpeg'
Traceback (most recent call last):
  File "/home/vscode/.local/lib/python3.12/site-packages/haffmpeg/core.py", line 130, in open
    self._proc = await asyncio.create_subprocess_exec(
                 ^^^^^^^^^^^^^^^^^^^^^^^^^^^^^^^^^^^^^
  File "/usr/local/lib/python3.12/asyncio/subprocess.py", line 224, in create_subprocess_exec
    transport, protocol = await loop.subprocess_exec(
                          ^^^^^^^^^^^^^^^^^^^^^^^^^^^
  File "/usr/local/lib/python3.12/asyncio/base_events.py", line 1743, in subprocess_exec
    transport = await self._make_subprocess_transport(
                ^^^^^^^^^^^^^^^^^^^^^^^^^^^^^^^^^^^^^^
  File "/usr/local/lib/python3.12/asyncio/unix_events.py", line 211, in _make_subprocess_transport
    transp = _UnixSubprocessTransport(self, protocol, args, shell,
             ^^^^^^^^^^^^^^^^^^^^^^^^^^^^^^^^^^^^^^^^^^^^^^^^^^^^^
  File "/usr/local/lib/python3.12/asyncio/base_subprocess.py", line 36, in __init__
    self._start(args=args, shell=shell, stdin=stdin, stdout=stdout,
  File "/usr/local/lib/python3.12/asyncio/unix_events.py", line 820, in _start
    self._proc = subprocess.Popen(
                 ^^^^^^^^^^^^^^^^^
  File "/usr/local/lib/python3.12/subprocess.py", line 1026, in __init__
    self._execute_child(args, executable, preexec_fn, close_fds,
  File "/usr/local/lib/python3.12/subprocess.py", line 1955, in _execute_child
    raise child_exception_type(errno_num, err_msg, err_filename)
FileNotFoundError: [Errno 2] No such file or directory: 'ffmpeg'
2024-10-17 17:46:28.030 WARNING (MainThread) [haffmpeg.tools] Error starting FFmpeg.
2024-10-17 17:46:28.030 INFO (MainThread) [homeassistant.setup] Setup of domain ffmpeg took 0.00 seconds
2024-10-17 17:46:28.031 INFO (MainThread) [homeassistant.setup] Setting up tts
2024-10-17 17:46:28.032 INFO (MainThread) [homeassistant.setup] Setup of domain cloud took 0.01 seconds
2024-10-17 17:46:28.032 INFO (MainThread) [homeassistant.bootstrap] Setting up stage 2: {'search', 'wake_word', 'logbook', 'application_credentials', 'hardware', 'input_number', 'input_button', 'flashbird', 'homeassistant_alerts', 'diagnostics', 'stt', 'script', 'image_upload', 'assist_pipeline', 'counter', 'met', 'system_health', 'shopping_list', 'input_boolean', 'zone', 'timer', 'sun', 'person', 'lovelace', 'media_source', 'input_datetime', 'energy', 'tag', 'schedule', 'file_upload', 'onboarding', 'intent', 'ffmpeg', 'input_select', 'conversation', 'tts', 'stream', 'default_config', 'config', 'backup', 'my', 'analytics', 'map', 'history', 'scene', 'mobile_app', 'blueprint', 'radio_browser', 'device_automation', 'google_translate', 'input_text', 'trace', 'automation'}
2024-10-17 17:46:28.033 INFO (MainThread) [homeassistant.setup] Setting up wake_word
2024-10-17 17:46:28.033 INFO (MainThread) [homeassistant.setup] Setup of domain wake_word took 0.00 seconds
2024-10-17 17:46:28.033 INFO (MainThread) [homeassistant.setup] Setting up stt
2024-10-17 17:46:28.034 INFO (MainThread) [homeassistant.setup] Setup of domain stt took 0.00 seconds
2024-10-17 17:46:28.034 INFO (MainThread) [homeassistant.setup] Setting up scene
2024-10-17 17:46:28.035 INFO (MainThread) [homeassistant.components.scene] Setting up homeassistant.scene
2024-10-17 17:46:28.036 INFO (MainThread) [homeassistant.setup] Setup of domain scene took 0.00 seconds
2024-10-17 17:46:28.037 INFO (MainThread) [homeassistant.setup] Setting up media_source
2024-10-17 17:46:28.038 INFO (MainThread) [homeassistant.setup] Setup of domain media_source took 0.00 seconds
2024-10-17 17:46:28.038 INFO (MainThread) [homeassistant.setup] Setting up history
2024-10-17 17:46:28.039 INFO (MainThread) [homeassistant.setup] Setup of domain history took 0.00 seconds
2024-10-17 17:46:28.039 INFO (MainThread) [homeassistant.setup] Setting up logbook
2024-10-17 17:46:28.040 INFO (MainThread) [homeassistant.setup] Setup of domain logbook took 0.00 seconds
2024-10-17 17:46:28.040 INFO (MainThread) [homeassistant.setup] Setting up input_number
2024-10-17 17:46:28.042 INFO (MainThread) [homeassistant.setup] Setup of domain input_number took 0.00 seconds
2024-10-17 17:46:28.042 INFO (MainThread) [homeassistant.setup] Setting up input_select
2024-10-17 17:46:28.045 INFO (MainThread) [homeassistant.setup] Setup of domain input_select took 0.00 seconds
2024-10-17 17:46:28.045 INFO (MainThread) [homeassistant.setup] Setting up blueprint
2024-10-17 17:46:28.045 INFO (MainThread) [homeassistant.setup] Setup of domain blueprint took 0.00 seconds
2024-10-17 17:46:28.045 INFO (MainThread) [homeassistant.setup] Setting up trace
2024-10-17 17:46:28.045 INFO (MainThread) [homeassistant.setup] Setup of domain trace took 0.00 seconds
2024-10-17 17:46:28.046 INFO (MainThread) [homeassistant.setup] Setting up automation
2024-10-17 17:46:28.046 INFO (MainThread) [homeassistant.setup] Setup of domain automation took 0.00 seconds
2024-10-17 17:46:28.047 INFO (MainThread) [homeassistant.setup] Setting up input_button
2024-10-17 17:46:28.048 INFO (MainThread) [homeassistant.setup] Setup of domain input_button took 0.00 seconds
2024-10-17 17:46:28.048 INFO (MainThread) [homeassistant.setup] Setting up timer
2024-10-17 17:46:28.050 INFO (MainThread) [homeassistant.setup] Setup of domain timer took 0.00 seconds
2024-10-17 17:46:28.050 INFO (MainThread) [homeassistant.setup] Setting up script
2024-10-17 17:46:28.050 INFO (MainThread) [homeassistant.setup] Setup of domain script took 0.00 seconds
2024-10-17 17:46:28.051 INFO (MainThread) [homeassistant.setup] Setting up system_health
2024-10-17 17:46:28.051 INFO (MainThread) [homeassistant.setup] Setup of domain system_health took 0.00 seconds
2024-10-17 17:46:28.051 INFO (MainThread) [homeassistant.setup] Setting up input_boolean
2024-10-17 17:46:28.052 INFO (MainThread) [homeassistant.setup] Setup of domain input_boolean took 0.00 seconds
2024-10-17 17:46:28.052 INFO (MainThread) [homeassistant.setup] Setting up zone
2024-10-17 17:46:28.053 INFO (MainThread) [homeassistant.setup] Setup of domain zone took 0.00 seconds
2024-10-17 17:46:28.057 INFO (MainThread) [homeassistant.setup] Setup of domain tts took 0.03 seconds
2024-10-17 17:46:28.061 INFO (SyncWorker_6) [homeassistant.util.package] Attempting install of ha-av==10.1.1
2024-10-17 17:46:28.065 INFO (MainThread) [homeassistant.setup] Setting up intent
2024-10-17 17:46:28.066 INFO (MainThread) [homeassistant.setup] Setup of domain intent took 0.00 seconds
2024-10-17 17:46:28.066 INFO (MainThread) [homeassistant.setup] Setting up conversation
2024-10-17 17:46:28.067 INFO (MainThread) [homeassistant.setup] Setup of domain conversation took 0.00 seconds
2024-10-17 17:46:28.068 INFO (MainThread) [homeassistant.setup] Setting up assist_pipeline
2024-10-17 17:46:28.070 INFO (MainThread) [homeassistant.setup] Setup of domain assist_pipeline took 0.00 seconds
2024-10-17 17:46:28.072 INFO (MainThread) [homeassistant.setup] Setting up input_datetime
2024-10-17 17:46:28.073 INFO (MainThread) [homeassistant.setup] Setup of domain input_datetime took 0.00 seconds
2024-10-17 17:46:28.083 INFO (MainThread) [homeassistant.setup] Setting up energy
2024-10-17 17:46:28.083 INFO (MainThread) [homeassistant.setup] Setting up sensor
2024-10-17 17:46:28.083 INFO (MainThread) [homeassistant.setup] Setup of domain sensor took 0.00 seconds
2024-10-17 17:46:28.083 INFO (MainThread) [homeassistant.setup] Setup of domain energy took 0.00 seconds
2024-10-17 17:46:28.086 INFO (MainThread) [homeassistant.setup] Setting up tag
2024-10-17 17:46:28.086 INFO (MainThread) [homeassistant.setup] Setup of domain tag took 0.00 seconds
2024-10-17 17:46:28.090 INFO (MainThread) [homeassistant.setup] Setting up application_credentials
2024-10-17 17:46:28.091 INFO (MainThread) [homeassistant.setup] Setup of domain application_credentials took 0.00 seconds
2024-10-17 17:46:28.095 INFO (MainThread) [homeassistant.setup] Setting up schedule
2024-10-17 17:46:28.096 INFO (MainThread) [homeassistant.setup] Setup of domain schedule took 0.00 seconds
2024-10-17 17:46:28.101 INFO (MainThread) [homeassistant.setup] Setting up hardware
2024-10-17 17:46:28.104 INFO (MainThread) [homeassistant.setup] Setting up flashbird
2024-10-17 17:46:28.104 INFO (MainThread) [custom_components.flashbird] Initializing flashbird integration with plaforms: [] with config: {'default_config': {}, 'frontend': {'themes': {}}, 'automation': {}, 'script': {}, 'scene': {}, 'logger': {'default': 'info', 'logs': {'custom_components.flashbird': 'debug'}}, 'flashbird': {}}
2024-10-17 17:46:28.104 INFO (MainThread) [homeassistant.setup] Setup of domain flashbird took 0.00 seconds
2024-10-17 17:46:28.116 INFO (MainThread) [homeassistant.setup] Setting up homeassistant_alerts
2024-10-17 17:46:28.116 INFO (MainThread) [homeassistant.setup] Setup of domain homeassistant_alerts took 0.00 seconds
2024-10-17 17:46:28.120 INFO (MainThread) [homeassistant.setup] Setting up map
2024-10-17 17:46:28.121 INFO (MainThread) [homeassistant.setup] Setup of domain map took 0.00 seconds
2024-10-17 17:46:28.122 INFO (MainThread) [homeassistant.setup] Setting up my
2024-10-17 17:46:28.123 INFO (MainThread) [homeassistant.setup] Setup of domain my took 0.00 seconds
2024-10-17 17:46:28.128 INFO (MainThread) [homeassistant.setup] Setting up sun
2024-10-17 17:46:28.128 INFO (MainThread) [homeassistant.setup] Setup of domain sun took 0.00 seconds
2024-10-17 17:46:28.130 INFO (MainThread) [homeassistant.components.sensor] Setting up sun.sensor
2024-10-17 17:46:28.133 INFO (MainThread) [homeassistant.setup] Setup of domain hardware took 0.03 seconds
2024-10-17 17:46:28.135 INFO (MainThread) [homeassistant.setup] Setting up counter
2024-10-17 17:46:28.137 INFO (MainThread) [homeassistant.setup] Setup of domain counter took 0.00 seconds
2024-10-17 17:46:28.139 INFO (MainThread) [homeassistant.setup] Setting up shopping_list
2024-10-17 17:46:28.140 INFO (MainThread) [homeassistant.setup] Setup of domain shopping_list took 0.00 seconds
2024-10-17 17:46:28.142 INFO (MainThread) [homeassistant.setup] Setting up input_text
2024-10-17 17:46:28.144 INFO (MainThread) [homeassistant.setup] Setup of domain input_text took 0.00 seconds
2024-10-17 17:46:28.147 INFO (MainThread) [homeassistant.components.sensor] Setting up energy.sensor
2024-10-17 17:46:28.150 INFO (MainThread) [homeassistant.setup] Setting up analytics
2024-10-17 17:46:28.150 INFO (MainThread) [homeassistant.setup] Setup of domain analytics took 0.00 seconds
2024-10-17 17:46:28.155 INFO (MainThread) [homeassistant.setup] Setting up todo
2024-10-17 17:46:28.158 INFO (MainThread) [homeassistant.setup] Setup of domain todo took 0.00 seconds
2024-10-17 17:46:28.159 INFO (MainThread) [homeassistant.components.todo] Setting up shopping_list.todo
2024-10-17 17:46:28.801 INFO (MainThread) [homeassistant.setup] Setting up stream
2024-10-17 17:46:28.802 INFO (SyncWorker_5) [homeassistant.util.package] Attempting install of securetar==2024.2.1
2024-10-17 17:46:28.849 INFO (MainThread) [homeassistant.setup] Setup of domain stream took 0.05 seconds
2024-10-17 17:46:29.203 INFO (SyncWorker_7) [homeassistant.util.package] Attempting install of PyMetno==0.13.0
2024-10-17 17:46:29.239 INFO (MainThread) [homeassistant.setup] Setting up backup
2024-10-17 17:46:29.239 INFO (MainThread) [homeassistant.setup] Setup of domain backup took 0.00 seconds
2024-10-17 17:46:29.752 INFO (SyncWorker_4) [homeassistant.util.package] Attempting install of radios==0.3.1
2024-10-17 17:46:29.789 INFO (MainThread) [homeassistant.setup] Setting up met
2024-10-17 17:46:29.789 INFO (MainThread) [homeassistant.setup] Setup of domain met took 0.00 seconds
2024-10-17 17:46:29.991 INFO (MainThread) [homeassistant.setup] Setting up weather
2024-10-17 17:46:29.993 INFO (MainThread) [homeassistant.setup] Setup of domain weather took 0.00 seconds
2024-10-17 17:46:29.993 INFO (MainThread) [homeassistant.components.weather] Setting up met.weather
2024-10-17 17:46:30.511 INFO (SyncWorker_2) [homeassistant.util.package] Attempting install of gTTS==2.2.4
2024-10-17 17:46:30.563 INFO (MainThread) [homeassistant.setup] Setting up radio_browser
2024-10-17 17:46:30.563 INFO (MainThread) [homeassistant.setup] Setup of domain radio_browser took 0.00 seconds
2024-10-17 17:46:31.026 INFO (SyncWorker_3) [homeassistant.util.package] Attempting install of PyNaCl==1.5.0
2024-10-17 17:46:31.029 INFO (MainThread) [homeassistant.setup] Setting up google_translate
2024-10-17 17:46:31.030 INFO (MainThread) [homeassistant.setup] Setup of domain google_translate took 0.00 seconds
2024-10-17 17:46:31.049 INFO (MainThread) [homeassistant.components.tts] Setting up google_translate.tts
2024-10-17 17:46:31.446 INFO (MainThread) [homeassistant.setup] Setting up mobile_app
2024-10-17 17:46:31.446 INFO (MainThread) [homeassistant.setup] Setting up notify
2024-10-17 17:46:31.447 INFO (MainThread) [homeassistant.setup] Setup of domain notify took 0.00 seconds
2024-10-17 17:46:31.447 INFO (MainThread) [homeassistant.setup] Setup of domain mobile_app took 0.00 seconds
2024-10-17 17:46:31.447 INFO (MainThread) [homeassistant.components.notify] Setting up notify.mobile_app
2024-10-17 17:46:31.447 INFO (MainThread) [homeassistant.setup] Setting up default_config
2024-10-17 17:46:31.448 INFO (MainThread) [homeassistant.setup] Setup of domain default_config took 0.00 seconds
2024-10-17 17:46:31.449 INFO (MainThread) [homeassistant.bootstrap] Home Assistant initialized in 29.13s
2024-10-17 17:46:31.450 INFO (MainThread) [homeassistant.core] Starting Home Assistant
2024-10-17 17:46:32.074 ERROR (SyncWorker_4) [aiodhcpwatcher] Cannot watch for dhcp packets without a functional packet filter: libpcap is not available. Cannot compile filter !
2024-10-17 17:48:39.060 INFO (Recorder) [homeassistant.components.recorder.pool.RecorderPool] Pool recreating
